<?xml version="1.0" encoding="UTF-8"?>
<testng-results skipped="0" failed="0" total="2" passed="2">
  <reporter-output>
  </reporter-output>
  <suite name="SuiteMFMA" duration-ms="86790" started-at="2016-07-09T06:51:19Z" finished-at="2016-07-09T06:52:46Z">
    <groups>
      <group name="cucumber">
        <method signature="AbstractTestNGCucumberTests.feature(cucumber.api.testng.CucumberFeatureWrapper)[pri:0, instance:mfproject.main.TestApp@7ca48474]" name="feature" class="cucumber.api.testng.AbstractTestNGCucumberTests"/>
      </group> <!-- cucumber -->
    </groups>
    <test name="TestMFMA" duration-ms="86790" started-at="2016-07-09T06:51:19Z" finished-at="2016-07-09T06:52:46Z">
      <class name="mfproject.main.TestApp">
        <test-method status="PASS" signature="setUpClass()[pri:0, instance:mfproject.main.TestApp@7ca48474]" name="setUpClass" is-config="true" duration-ms="212" started-at="2016-07-09T12:21:19Z" finished-at="2016-07-09T12:21:19Z">
          <reporter-output>
          </reporter-output>
        </test-method> <!-- setUpClass -->
        <test-method status="PASS" signature="feature(cucumber.api.testng.CucumberFeatureWrapper)[pri:0, instance:mfproject.main.TestApp@7ca48474]" name="feature" duration-ms="56752" started-at="2016-07-09T12:21:20Z" description="Runs Cucumber Feature" data-provider="features" finished-at="2016-07-09T12:22:16Z">
          <params>
            <param index="0">
              <value>
                <![CDATA[Login to M-Files Mobile App Test1]]>
              </value>
            </param>
          </params>
          <reporter-output>
          </reporter-output>
        </test-method> <!-- feature -->
        <test-method status="PASS" signature="feature(cucumber.api.testng.CucumberFeatureWrapper)[pri:0, instance:mfproject.main.TestApp@7ca48474]" name="feature" duration-ms="29754" started-at="2016-07-09T12:22:16Z" description="Runs Cucumber Feature" data-provider="features" finished-at="2016-07-09T12:22:46Z">
          <params>
            <param index="0">
              <value>
                <![CDATA[Login to M-Files Mobile App Test2]]>
              </value>
            </param>
          </params>
          <reporter-output>
          </reporter-output>
        </test-method> <!-- feature -->
        <test-method status="PASS" signature="tearDownClass()[pri:0, instance:mfproject.main.TestApp@7ca48474]" name="tearDownClass" is-config="true" duration-ms="7" started-at="2016-07-09T12:22:46Z" finished-at="2016-07-09T12:22:46Z">
          <reporter-output>
          </reporter-output>
        </test-method> <!-- tearDownClass -->
      </class> <!-- mfproject.main.TestApp -->
    </test> <!-- TestMFMA -->
  </suite> <!-- SuiteMFMA -->
</testng-results>
