<?xml version="1.0" encoding="UTF-8"?>
<testng-results skipped="0" failed="0" total="2" passed="2">
  <reporter-output>
  </reporter-output>
  <suite name="SuiteMFMA" duration-ms="83984" started-at="2016-07-09T06:59:26Z" finished-at="2016-07-09T07:00:50Z">
    <groups>
      <group name="cucumber">
        <method signature="AbstractTestNGCucumberTests.feature(cucumber.api.testng.CucumberFeatureWrapper)[pri:0, instance:mfproject.main.TestApp@553f17c]" name="feature" class="cucumber.api.testng.AbstractTestNGCucumberTests"/>
      </group> <!-- cucumber -->
    </groups>
    <test name="TestMFMA" duration-ms="83984" started-at="2016-07-09T06:59:26Z" finished-at="2016-07-09T07:00:50Z">
      <class name="mfproject.main.TestApp">
        <test-method status="PASS" signature="setUpClass()[pri:0, instance:mfproject.main.TestApp@553f17c]" name="setUpClass" is-config="true" duration-ms="195" started-at="2016-07-09T12:29:26Z" finished-at="2016-07-09T12:29:26Z">
          <reporter-output>
          </reporter-output>
        </test-method> <!-- setUpClass -->
        <test-method status="PASS" signature="feature(cucumber.api.testng.CucumberFeatureWrapper)[pri:0, instance:mfproject.main.TestApp@553f17c]" name="feature" duration-ms="55717" started-at="2016-07-09T12:29:26Z" description="Runs Cucumber Feature" data-provider="features" finished-at="2016-07-09T12:30:22Z">
          <params>
            <param index="0">
              <value>
                <![CDATA[Login to M-Files Mobile App Test1]]>
              </value>
            </param>
          </params>
          <reporter-output>
          </reporter-output>
        </test-method> <!-- feature -->
        <test-method status="PASS" signature="feature(cucumber.api.testng.CucumberFeatureWrapper)[pri:0, instance:mfproject.main.TestApp@553f17c]" name="feature" duration-ms="28000" started-at="2016-07-09T12:30:22Z" description="Runs Cucumber Feature" data-provider="features" finished-at="2016-07-09T12:30:50Z">
          <params>
            <param index="0">
              <value>
                <![CDATA[Login to M-Files Mobile App Test2]]>
              </value>
            </param>
          </params>
          <reporter-output>
          </reporter-output>
        </test-method> <!-- feature -->
        <test-method status="PASS" signature="tearDownClass()[pri:0, instance:mfproject.main.TestApp@553f17c]" name="tearDownClass" is-config="true" duration-ms="7" started-at="2016-07-09T12:30:50Z" finished-at="2016-07-09T12:30:50Z">
          <reporter-output>
          </reporter-output>
        </test-method> <!-- tearDownClass -->
      </class> <!-- mfproject.main.TestApp -->
    </test> <!-- TestMFMA -->
  </suite> <!-- SuiteMFMA -->
</testng-results>
